<?xml version="1.0" encoding="UTF-8"?>
<testsuite name="com.hajong.springspringweb.domain.posts.PostsRepositoryTest" tests="2" skipped="0" failures="0" errors="0" timestamp="2024-03-27T11:01:14" hostname="gt689okjgfwww" time="0.28">
  <properties/>
  <testcase name="게시글저장_불러오기" classname="com.hajong.springspringweb.domain.posts.PostsRepositoryTest" time="0.269"/>
  <testcase name="BaseTimeEntity_등록" classname="com.hajong.springspringweb.domain.posts.PostsRepositoryTest" time="0.01"/>
  <system-out><![CDATA[20:01:07.089 [Test worker] DEBUG org.springframework.test.context.junit4.SpringJUnit4ClassRunner - SpringJUnit4ClassRunner constructor called with [class com.hajong.springspringweb.domain.posts.PostsRepositoryTest]
20:01:07.099 [Test worker] DEBUG org.springframework.test.context.BootstrapUtils - Instantiating CacheAwareContextLoaderDelegate from class [org.springframework.test.context.cache.DefaultCacheAwareContextLoaderDelegate]
20:01:07.108 [Test worker] DEBUG org.springframework.test.context.BootstrapUtils - Instantiating BootstrapContext using constructor [public org.springframework.test.context.support.DefaultBootstrapContext(java.lang.Class,org.springframework.test.context.CacheAwareContextLoaderDelegate)]
20:01:07.124 [Test worker] DEBUG org.springframework.test.context.BootstrapUtils - Instantiating TestContextBootstrapper for test class [com.hajong.springspringweb.domain.posts.PostsRepositoryTest] from class [org.springframework.boot.test.context.SpringBootTestContextBootstrapper]
20:01:07.139 [Test worker] INFO org.springframework.boot.test.context.SpringBootTestContextBootstrapper - Neither @ContextConfiguration nor @ContextHierarchy found for test class [com.hajong.springspringweb.domain.posts.PostsRepositoryTest], using SpringBootContextLoader
20:01:07.142 [Test worker] DEBUG org.springframework.test.context.support.AbstractContextLoader - Did not detect default resource location for test class [com.hajong.springspringweb.domain.posts.PostsRepositoryTest]: class path resource [com/hajong/springspringweb/domain/posts/PostsRepositoryTest-context.xml] does not exist
20:01:07.143 [Test worker] DEBUG org.springframework.test.context.support.AbstractContextLoader - Did not detect default resource location for test class [com.hajong.springspringweb.domain.posts.PostsRepositoryTest]: class path resource [com/hajong/springspringweb/domain/posts/PostsRepositoryTestContext.groovy] does not exist
20:01:07.143 [Test worker] INFO org.springframework.test.context.support.AbstractContextLoader - Could not detect default resource locations for test class [com.hajong.springspringweb.domain.posts.PostsRepositoryTest]: no resource found for suffixes {-context.xml, Context.groovy}.
20:01:07.144 [Test worker] INFO org.springframework.test.context.support.AnnotationConfigContextLoaderUtils - Could not detect default configuration classes for test class [com.hajong.springspringweb.domain.posts.PostsRepositoryTest]: PostsRepositoryTest does not declare any static, non-private, non-final, nested classes annotated with @Configuration.
20:01:07.181 [Test worker] DEBUG org.springframework.test.context.support.ActiveProfilesUtils - Could not find an 'annotation declaring class' for annotation type [org.springframework.test.context.ActiveProfiles] and class [com.hajong.springspringweb.domain.posts.PostsRepositoryTest]
20:01:07.270 [Test worker] DEBUG org.springframework.context.annotation.ClassPathScanningCandidateComponentProvider - Identified candidate component class: file [C:\Users\dfg7898\IdeaProjects\springspringweb\build\classes\java\main\com\hajong\springspringweb\Application.class]
20:01:07.271 [Test worker] INFO org.springframework.boot.test.context.SpringBootTestContextBootstrapper - Found @SpringBootConfiguration com.hajong.springspringweb.Application for test class com.hajong.springspringweb.domain.posts.PostsRepositoryTest
20:01:07.379 [Test worker] DEBUG org.springframework.boot.test.context.SpringBootTestContextBootstrapper - @TestExecutionListeners is not present for class [com.hajong.springspringweb.domain.posts.PostsRepositoryTest]: using defaults.
20:01:07.380 [Test worker] INFO org.springframework.boot.test.context.SpringBootTestContextBootstrapper - Loaded default TestExecutionListener class names from location [META-INF/spring.factories]: [org.springframework.security.test.context.support.WithSecurityContextTestExecutionListener, org.springframework.security.test.context.support.ReactorContextTestExecutionListener, org.springframework.boot.test.autoconfigure.restdocs.RestDocsTestExecutionListener, org.springframework.boot.test.autoconfigure.web.client.MockRestServiceServerResetTestExecutionListener, org.springframework.boot.test.autoconfigure.web.servlet.MockMvcPrintOnlyOnFailureTestExecutionListener, org.springframework.boot.test.autoconfigure.web.servlet.WebDriverTestExecutionListener, org.springframework.boot.test.mock.mockito.MockitoTestExecutionListener, org.springframework.boot.test.mock.mockito.ResetMocksTestExecutionListener, org.springframework.test.context.web.ServletTestExecutionListener, org.springframework.test.context.support.DirtiesContextBeforeModesTestExecutionListener, org.springframework.test.context.support.DependencyInjectionTestExecutionListener, org.springframework.test.context.support.DirtiesContextTestExecutionListener, org.springframework.test.context.transaction.TransactionalTestExecutionListener, org.springframework.test.context.jdbc.SqlScriptsTestExecutionListener]
20:01:07.409 [Test worker] INFO org.springframework.boot.test.context.SpringBootTestContextBootstrapper - Using TestExecutionListeners: [org.springframework.test.context.web.ServletTestExecutionListener@478c5c29, org.springframework.test.context.support.DirtiesContextBeforeModesTestExecutionListener@14ca8bca, org.springframework.boot.test.mock.mockito.MockitoTestExecutionListener@dc02a1d, org.springframework.boot.test.autoconfigure.SpringBootDependencyInjectionTestExecutionListener@4ca46133, org.springframework.test.context.support.DirtiesContextTestExecutionListener@69ec019a, org.springframework.test.context.transaction.TransactionalTestExecutionListener@293853b6, org.springframework.test.context.jdbc.SqlScriptsTestExecutionListener@25a4144e, org.springframework.security.test.context.support.WithSecurityContextTestExecutionListener@4ae65430, org.springframework.security.test.context.support.ReactorContextTestExecutionListener@438f6c27, org.springframework.boot.test.autoconfigure.restdocs.RestDocsTestExecutionListener@28413203, org.springframework.boot.test.autoconfigure.web.client.MockRestServiceServerResetTestExecutionListener@2dc24521, org.springframework.boot.test.autoconfigure.web.servlet.MockMvcPrintOnlyOnFailureTestExecutionListener@55fdd37d, org.springframework.boot.test.autoconfigure.web.servlet.WebDriverTestExecutionListener@6dab63b1, org.springframework.boot.test.mock.mockito.ResetMocksTestExecutionListener@4cdb852d]
20:01:07.412 [Test worker] DEBUG org.springframework.test.annotation.ProfileValueUtils - Retrieved @ProfileValueSourceConfiguration [null] for test class [com.hajong.springspringweb.domain.posts.PostsRepositoryTest]
20:01:07.413 [Test worker] DEBUG org.springframework.test.annotation.ProfileValueUtils - Retrieved ProfileValueSource type [class org.springframework.test.annotation.SystemProfileValueSource] for class [com.hajong.springspringweb.domain.posts.PostsRepositoryTest]
20:01:07.413 [Test worker] DEBUG org.springframework.test.annotation.ProfileValueUtils - Retrieved @ProfileValueSourceConfiguration [null] for test class [com.hajong.springspringweb.domain.posts.PostsRepositoryTest]
20:01:07.414 [Test worker] DEBUG org.springframework.test.annotation.ProfileValueUtils - Retrieved ProfileValueSource type [class org.springframework.test.annotation.SystemProfileValueSource] for class [com.hajong.springspringweb.domain.posts.PostsRepositoryTest]
20:01:07.418 [Test worker] DEBUG org.springframework.test.context.support.AbstractDirtiesContextTestExecutionListener - Before test class: context [DefaultTestContext@4d08dc21 testClass = PostsRepositoryTest, testInstance = [null], testMethod = [null], testException = [null], mergedContextConfiguration = [WebMergedContextConfiguration@7f19a7b2 testClass = PostsRepositoryTest, locations = '{}', classes = '{class com.hajong.springspringweb.Application}', contextInitializerClasses = '[]', activeProfiles = '{}', propertySourceLocations = '{}', propertySourceProperties = '{org.springframework.boot.test.context.SpringBootTestContextBootstrapper=true}', contextCustomizers = set[org.springframework.boot.test.autoconfigure.properties.PropertyMappingContextCustomizer@0, org.springframework.boot.test.autoconfigure.web.servlet.WebDriverContextCustomizerFactory$Customizer@2b416a37, org.springframework.boot.test.context.filter.ExcludeFilterContextCustomizer@483578e0, org.springframework.boot.test.json.DuplicateJsonObjectContextCustomizerFactory$DuplicateJsonObjectContextCustomizer@6662182f, org.springframework.boot.test.mock.mockito.MockitoContextCustomizer@0, org.springframework.boot.test.web.client.TestRestTemplateContextCustomizer@24c11da1], resourceBasePath = 'src/main/webapp', contextLoader = 'org.springframework.boot.test.context.SpringBootContextLoader', parent = [null]], attributes = map['org.springframework.test.context.web.ServletTestExecutionListener.activateListener' -> true]], class annotated with @DirtiesContext [false] with mode [null].
20:01:07.419 [Test worker] DEBUG org.springframework.test.annotation.ProfileValueUtils - Retrieved @ProfileValueSourceConfiguration [null] for test class [com.hajong.springspringweb.domain.posts.PostsRepositoryTest]
20:01:07.419 [Test worker] DEBUG org.springframework.test.annotation.ProfileValueUtils - Retrieved ProfileValueSource type [class org.springframework.test.annotation.SystemProfileValueSource] for class [com.hajong.springspringweb.domain.posts.PostsRepositoryTest]
20:01:07.442 [Test worker] DEBUG org.springframework.test.context.support.TestPropertySourceUtils - Adding inlined properties to environment: {spring.jmx.enabled=false, org.springframework.boot.test.context.SpringBootTestContextBootstrapper=true, server.port=-1}

  .   ____          _            __ _ _
 /\\ / ___'_ __ _ _(_)_ __  __ _ \ \ \ \
( ( )\___ | '_ | '_| | '_ \/ _` | \ \ \ \
 \\/  ___)| |_)| | | | | || (_| |  ) ) ) )
  '  |____| .__|_| |_|_| |_\__, | / / / /
 =========|_|==============|___/=/_/_/_/
 :: Spring Boot ::        (v2.1.9.RELEASE)

2024-03-27 20:01:07.703  INFO 6684 --- [    Test worker] c.h.s.domain.posts.PostsRepositoryTest   : Starting PostsRepositoryTest on gt689okjgfwww with PID 6684 (started by dfg7898 in C:\Users\dfg7898\IdeaProjects\springspringweb)
2024-03-27 20:01:07.704  INFO 6684 --- [    Test worker] c.h.s.domain.posts.PostsRepositoryTest   : No active profile set, falling back to default profiles: default
2024-03-27 20:01:08.698  INFO 6684 --- [    Test worker] .s.d.r.c.RepositoryConfigurationDelegate : Bootstrapping Spring Data repositories in DEFAULT mode.
2024-03-27 20:01:08.773  INFO 6684 --- [    Test worker] .s.d.r.c.RepositoryConfigurationDelegate : Finished Spring Data repository scanning in 66ms. Found 2 repository interfaces.
2024-03-27 20:01:09.371  INFO 6684 --- [    Test worker] trationDelegate$BeanPostProcessorChecker : Bean 'org.springframework.transaction.annotation.ProxyTransactionManagementConfiguration' of type [org.springframework.transaction.annotation.ProxyTransactionManagementConfiguration$$EnhancerBySpringCGLIB$$64bee833] is not eligible for getting processed by all BeanPostProcessors (for example: not eligible for auto-proxying)
2024-03-27 20:01:09.609  INFO 6684 --- [    Test worker] com.zaxxer.hikari.HikariDataSource       : HikariPool-1 - Starting...
2024-03-27 20:01:09.772  INFO 6684 --- [    Test worker] com.zaxxer.hikari.HikariDataSource       : HikariPool-1 - Start completed.
2024-03-27 20:01:09.858  INFO 6684 --- [    Test worker] o.hibernate.jpa.internal.util.LogHelper  : HHH000204: Processing PersistenceUnitInfo [
	name: default
	...]
2024-03-27 20:01:09.959  INFO 6684 --- [    Test worker] org.hibernate.Version                    : HHH000412: Hibernate Core {5.3.12.Final}
2024-03-27 20:01:09.960  INFO 6684 --- [    Test worker] org.hibernate.cfg.Environment            : HHH000206: hibernate.properties not found
2024-03-27 20:01:10.156  INFO 6684 --- [    Test worker] o.hibernate.annotations.common.Version   : HCANN000001: Hibernate Commons Annotations {5.0.4.Final}
2024-03-27 20:01:10.339  INFO 6684 --- [    Test worker] org.hibernate.dialect.Dialect            : HHH000400: Using dialect: org.hibernate.dialect.MySQL5InnoDBDialect
Hibernate: drop table if exists posts
Hibernate: drop table if exists user
Hibernate: create table posts (id bigint not null auto_increment, created_date datetime, modified_date datetime, author varchar(255), content TEXT not null, title varchar(500) not null, primary key (id)) engine=InnoDB
Hibernate: create table user (id bigint not null auto_increment, created_date datetime, modified_date datetime, email varchar(255) not null, name varchar(255) not null, picture varchar(255), role varchar(255) not null, primary key (id)) engine=InnoDB
2024-03-27 20:01:11.172  INFO 6684 --- [    Test worker] o.h.t.schema.internal.SchemaCreatorImpl  : HHH000476: Executing import script 'org.hibernate.tool.schema.internal.exec.ScriptSourceInputNonExistentImpl@a981822'
2024-03-27 20:01:11.178  INFO 6684 --- [    Test worker] j.LocalContainerEntityManagerFactoryBean : Initialized JPA EntityManagerFactory for persistence unit 'default'
2024-03-27 20:01:11.965  INFO 6684 --- [    Test worker] o.h.h.i.QueryTranslatorFactoryInitiator  : HHH000397: Using ASTQueryTranslatorFactory
2024-03-27 20:01:12.561  INFO 6684 --- [    Test worker] o.s.s.web.DefaultSecurityFilterChain     : Creating filter chain: any request, [org.springframework.security.web.context.request.async.WebAsyncManagerIntegrationFilter@4baa966f, org.springframework.security.web.context.SecurityContextPersistenceFilter@60380671, org.springframework.security.web.header.HeaderWriterFilter@5daa1495, org.springframework.security.web.authentication.logout.LogoutFilter@6d682ce0, org.springframework.security.oauth2.client.web.OAuth2AuthorizationRequestRedirectFilter@69bc23c8, org.springframework.security.oauth2.client.web.OAuth2LoginAuthenticationFilter@3e37e9af, org.springframework.security.web.authentication.ui.DefaultLoginPageGeneratingFilter@45e89ed2, org.springframework.security.web.authentication.ui.DefaultLogoutPageGeneratingFilter@57bc256, org.springframework.security.web.savedrequest.RequestCacheAwareFilter@7e02089b, org.springframework.security.web.servletapi.SecurityContextHolderAwareRequestFilter@3632f0c, org.springframework.security.web.authentication.AnonymousAuthenticationFilter@3659103c, org.springframework.security.web.session.SessionManagementFilter@87058ab, org.springframework.security.web.access.ExceptionTranslationFilter@ada8b41, org.springframework.security.web.access.intercept.FilterSecurityInterceptor@627def6c]
2024-03-27 20:01:13.311  INFO 6684 --- [    Test worker] o.s.s.concurrent.ThreadPoolTaskExecutor  : Initializing ExecutorService 'applicationTaskExecutor'
2024-03-27 20:01:13.424  WARN 6684 --- [    Test worker] aWebConfiguration$JpaWebMvcConfiguration : spring.jpa.open-in-view is enabled by default. Therefore, database queries may be performed during view rendering. Explicitly configure spring.jpa.open-in-view to disable this warning
2024-03-27 20:01:13.485  INFO 6684 --- [    Test worker] o.s.b.a.w.s.WelcomePageHandlerMapping    : Adding welcome page template: index
2024-03-27 20:01:14.091  INFO 6684 --- [    Test worker] s.a.ScheduledAnnotationBeanPostProcessor : No TaskScheduler/ScheduledExecutorService bean found for scheduled processing
2024-03-27 20:01:14.104  INFO 6684 --- [    Test worker] c.h.s.domain.posts.PostsRepositoryTest   : Started PostsRepositoryTest in 6.652 seconds (JVM running for 7.66)
Hibernate: insert into posts (created_date, modified_date, author, content, title) values (?, ?, ?, ?, ?)
Hibernate: select posts0_.id as id1_0_, posts0_.created_date as created_2_0_, posts0_.modified_date as modified3_0_, posts0_.author as author4_0_, posts0_.content as content5_0_, posts0_.title as title6_0_ from posts posts0_
Hibernate: select posts0_.id as id1_0_, posts0_.created_date as created_2_0_, posts0_.modified_date as modified3_0_, posts0_.author as author4_0_, posts0_.content as content5_0_, posts0_.title as title6_0_ from posts posts0_
Hibernate: delete from posts where id=?
Hibernate: insert into posts (created_date, modified_date, author, content, title) values (?, ?, ?, ?, ?)
Hibernate: select posts0_.id as id1_0_, posts0_.created_date as created_2_0_, posts0_.modified_date as modified3_0_, posts0_.author as author4_0_, posts0_.content as content5_0_, posts0_.title as title6_0_ from posts posts0_
>>>>>>>>> createDate=2024-03-27T20:01:14.401, modifiedDate=2024-03-27T20:01:14.401
Hibernate: select posts0_.id as id1_0_, posts0_.created_date as created_2_0_, posts0_.modified_date as modified3_0_, posts0_.author as author4_0_, posts0_.content as content5_0_, posts0_.title as title6_0_ from posts posts0_
Hibernate: delete from posts where id=?
]]></system-out>
  <system-err><![CDATA[]]></system-err>
</testsuite>
