<?xml version="1.0" encoding="UTF-8"?>
<testsuite name="com.hajong.springspringweb.web.HelloControllerTest" tests="2" skipped="0" failures="0" errors="0" timestamp="2024-03-27T12:44:55" hostname="gt689okjgfwww" time="0.173">
  <properties/>
  <testcase name="hello가_리턴된다" classname="com.hajong.springspringweb.web.HelloControllerTest" time="0.079"/>
  <testcase name="helloDto가_리턴된다" classname="com.hajong.springspringweb.web.HelloControllerTest" time="0.094"/>
  <system-out><![CDATA[2024-03-27 21:44:54.115  INFO 10632 --- [    Test worker] .b.t.a.w.s.WebMvcTestContextBootstrapper : Neither @ContextConfiguration nor @ContextHierarchy found for test class [com.hajong.springspringweb.web.HelloControllerTest], using SpringBootContextLoader
2024-03-27 21:44:54.116  INFO 10632 --- [    Test worker] o.s.t.c.support.AbstractContextLoader    : Could not detect default resource locations for test class [com.hajong.springspringweb.web.HelloControllerTest]: no resource found for suffixes {-context.xml, Context.groovy}.
2024-03-27 21:44:54.116  INFO 10632 --- [    Test worker] t.c.s.AnnotationConfigContextLoaderUtils : Could not detect default configuration classes for test class [com.hajong.springspringweb.web.HelloControllerTest]: HelloControllerTest does not declare any static, non-private, non-final, nested classes annotated with @Configuration.
2024-03-27 21:44:54.140  INFO 10632 --- [    Test worker] .b.t.c.SpringBootTestContextBootstrapper : Found @SpringBootConfiguration com.hajong.springspringweb.Application for test class com.hajong.springspringweb.web.HelloControllerTest
2024-03-27 21:44:54.141  INFO 10632 --- [    Test worker] .b.t.a.w.s.WebMvcTestContextBootstrapper : Loaded default TestExecutionListener class names from location [META-INF/spring.factories]: [org.springframework.security.test.context.support.WithSecurityContextTestExecutionListener, org.springframework.security.test.context.support.ReactorContextTestExecutionListener, org.springframework.boot.test.autoconfigure.restdocs.RestDocsTestExecutionListener, org.springframework.boot.test.autoconfigure.web.client.MockRestServiceServerResetTestExecutionListener, org.springframework.boot.test.autoconfigure.web.servlet.MockMvcPrintOnlyOnFailureTestExecutionListener, org.springframework.boot.test.autoconfigure.web.servlet.WebDriverTestExecutionListener, org.springframework.boot.test.mock.mockito.MockitoTestExecutionListener, org.springframework.boot.test.mock.mockito.ResetMocksTestExecutionListener, org.springframework.test.context.web.ServletTestExecutionListener, org.springframework.test.context.support.DirtiesContextBeforeModesTestExecutionListener, org.springframework.test.context.support.DependencyInjectionTestExecutionListener, org.springframework.test.context.support.DirtiesContextTestExecutionListener, org.springframework.test.context.transaction.TransactionalTestExecutionListener, org.springframework.test.context.jdbc.SqlScriptsTestExecutionListener]
2024-03-27 21:44:54.147  INFO 10632 --- [    Test worker] .b.t.a.w.s.WebMvcTestContextBootstrapper : Using TestExecutionListeners: [org.springframework.test.context.web.ServletTestExecutionListener@4d5f828e, org.springframework.test.context.support.DirtiesContextBeforeModesTestExecutionListener@368c545c, org.springframework.boot.test.mock.mockito.MockitoTestExecutionListener@28c7f3ec, org.springframework.boot.test.autoconfigure.SpringBootDependencyInjectionTestExecutionListener@4b2ca14e, org.springframework.test.context.support.DirtiesContextTestExecutionListener@7ad61157, org.springframework.test.context.transaction.TransactionalTestExecutionListener@2e2c94e5, org.springframework.test.context.jdbc.SqlScriptsTestExecutionListener@39635a5f, org.springframework.security.test.context.support.WithSecurityContextTestExecutionListener@176baaec, org.springframework.security.test.context.support.ReactorContextTestExecutionListener@5d7d5dff, org.springframework.boot.test.autoconfigure.restdocs.RestDocsTestExecutionListener@17bc6109, org.springframework.boot.test.autoconfigure.web.client.MockRestServiceServerResetTestExecutionListener@342e7003, org.springframework.boot.test.autoconfigure.web.servlet.MockMvcPrintOnlyOnFailureTestExecutionListener@7e5880a0, org.springframework.boot.test.autoconfigure.web.servlet.WebDriverTestExecutionListener@497db831, org.springframework.boot.test.mock.mockito.ResetMocksTestExecutionListener@3d3d3c3e]

  .   ____          _            __ _ _
 /\\ / ___'_ __ _ _(_)_ __  __ _ \ \ \ \
( ( )\___ | '_ | '_| | '_ \/ _` | \ \ \ \
 \\/  ___)| |_)| | | | | || (_| |  ) ) ) )
  '  |____| .__|_| |_|_| |_\__, | / / / /
 =========|_|==============|___/=/_/_/_/
 :: Spring Boot ::        (v2.1.9.RELEASE)

2024-03-27 21:44:54.200  INFO 10632 --- [    Test worker] c.h.s.web.HelloControllerTest            : Starting HelloControllerTest on gt689okjgfwww with PID 10632 (started by dfg7898 in C:\Users\dfg7898\IdeaProjects\springspringweb)
2024-03-27 21:44:54.201  INFO 10632 --- [    Test worker] c.h.s.web.HelloControllerTest            : No active profile set, falling back to default profiles: default
2024-03-27 21:44:54.613  INFO 10632 --- [    Test worker] o.s.s.concurrent.ThreadPoolTaskExecutor  : Initializing ExecutorService 'applicationTaskExecutor'
2024-03-27 21:44:54.639  INFO 10632 --- [    Test worker] o.s.b.a.w.s.WelcomePageHandlerMapping    : Adding welcome page template: index
2024-03-27 21:44:54.853  INFO 10632 --- [    Test worker] .s.s.UserDetailsServiceAutoConfiguration : 

Using generated security password: ecf7abc7-6829-438f-8080-e378d0ef2fb3

2024-03-27 21:44:54.983  INFO 10632 --- [    Test worker] o.s.s.web.DefaultSecurityFilterChain     : Creating filter chain: any request, [org.springframework.security.web.context.request.async.WebAsyncManagerIntegrationFilter@90e897b, org.springframework.security.web.context.SecurityContextPersistenceFilter@4bec3e8b, org.springframework.security.web.header.HeaderWriterFilter@29fb83fd, org.springframework.security.web.csrf.CsrfFilter@1713ba0a, org.springframework.security.web.authentication.logout.LogoutFilter@51053a2d, org.springframework.security.web.authentication.UsernamePasswordAuthenticationFilter@6e28d26b, org.springframework.security.web.authentication.ui.DefaultLoginPageGeneratingFilter@2624187, org.springframework.security.web.authentication.ui.DefaultLogoutPageGeneratingFilter@64eea8ec, org.springframework.security.web.authentication.www.BasicAuthenticationFilter@6e364c3e, org.springframework.security.web.savedrequest.RequestCacheAwareFilter@418e242e, org.springframework.security.web.servletapi.SecurityContextHolderAwareRequestFilter@349fb389, org.springframework.security.web.authentication.AnonymousAuthenticationFilter@38e54ff3, org.springframework.security.web.session.SessionManagementFilter@2332af22, org.springframework.security.web.access.ExceptionTranslationFilter@25f5f3b3, org.springframework.security.web.access.intercept.FilterSecurityInterceptor@76f4b7f9]
2024-03-27 21:44:55.018  INFO 10632 --- [    Test worker] o.s.b.t.m.w.SpringBootMockServletContext : Initializing Spring TestDispatcherServlet ''
2024-03-27 21:44:55.018  INFO 10632 --- [    Test worker] o.s.t.web.servlet.TestDispatcherServlet  : Initializing Servlet ''
2024-03-27 21:44:55.032  INFO 10632 --- [    Test worker] o.s.t.web.servlet.TestDispatcherServlet  : Completed initialization in 14 ms
2024-03-27 21:44:55.058  INFO 10632 --- [    Test worker] c.h.s.web.HelloControllerTest            : Started HelloControllerTest in 0.908 seconds (JVM running for 8.182)
]]></system-out>
  <system-err><![CDATA[]]></system-err>
</testsuite>
