<?xml version="1.0" encoding="UTF-8"?>
<testsuite name="com.hajong.springspringweb.web.IndexControllerTest" tests="1" skipped="0" failures="0" errors="0" timestamp="2024-03-13T13:20:16" hostname="gt689okjgfwww" time="0.284">
  <properties/>
  <testcase name="메인페이지_로딩" classname="com.hajong.springspringweb.web.IndexControllerTest" time="0.284"/>
  <system-out><![CDATA[2024-03-13 22:20:13.488  INFO 7376 --- [    Test worker] .b.t.c.SpringBootTestContextBootstrapper : Neither @ContextConfiguration nor @ContextHierarchy found for test class [com.hajong.springspringweb.web.IndexControllerTest], using SpringBootContextLoader
2024-03-13 22:20:13.490  INFO 7376 --- [    Test worker] o.s.t.c.support.AbstractContextLoader    : Could not detect default resource locations for test class [com.hajong.springspringweb.web.IndexControllerTest]: no resource found for suffixes {-context.xml, Context.groovy}.
2024-03-13 22:20:13.491  INFO 7376 --- [    Test worker] t.c.s.AnnotationConfigContextLoaderUtils : Could not detect default configuration classes for test class [com.hajong.springspringweb.web.IndexControllerTest]: IndexControllerTest does not declare any static, non-private, non-final, nested classes annotated with @Configuration.
2024-03-13 22:20:13.495  INFO 7376 --- [    Test worker] .b.t.c.SpringBootTestContextBootstrapper : Found @SpringBootConfiguration com.hajong.springspringweb.Application for test class com.hajong.springspringweb.web.IndexControllerTest
2024-03-13 22:20:13.497  INFO 7376 --- [    Test worker] .b.t.c.SpringBootTestContextBootstrapper : Loaded default TestExecutionListener class names from location [META-INF/spring.factories]: [org.springframework.security.test.context.support.WithSecurityContextTestExecutionListener, org.springframework.security.test.context.support.ReactorContextTestExecutionListener, org.springframework.boot.test.autoconfigure.restdocs.RestDocsTestExecutionListener, org.springframework.boot.test.autoconfigure.web.client.MockRestServiceServerResetTestExecutionListener, org.springframework.boot.test.autoconfigure.web.servlet.MockMvcPrintOnlyOnFailureTestExecutionListener, org.springframework.boot.test.autoconfigure.web.servlet.WebDriverTestExecutionListener, org.springframework.boot.test.mock.mockito.MockitoTestExecutionListener, org.springframework.boot.test.mock.mockito.ResetMocksTestExecutionListener, org.springframework.test.context.web.ServletTestExecutionListener, org.springframework.test.context.support.DirtiesContextBeforeModesTestExecutionListener, org.springframework.test.context.support.DependencyInjectionTestExecutionListener, org.springframework.test.context.support.DirtiesContextTestExecutionListener, org.springframework.test.context.transaction.TransactionalTestExecutionListener, org.springframework.test.context.jdbc.SqlScriptsTestExecutionListener]
2024-03-13 22:20:13.498  INFO 7376 --- [    Test worker] .b.t.c.SpringBootTestContextBootstrapper : Using TestExecutionListeners: [org.springframework.test.context.web.ServletTestExecutionListener@74be4400, org.springframework.test.context.support.DirtiesContextBeforeModesTestExecutionListener@5eac9e8b, org.springframework.boot.test.mock.mockito.MockitoTestExecutionListener@30fc8cfc, org.springframework.boot.test.autoconfigure.SpringBootDependencyInjectionTestExecutionListener@7277724d, org.springframework.test.context.support.DirtiesContextTestExecutionListener@74efa647, org.springframework.test.context.transaction.TransactionalTestExecutionListener@4e0d3697, org.springframework.test.context.jdbc.SqlScriptsTestExecutionListener@1a42d8c6, org.springframework.security.test.context.support.WithSecurityContextTestExecutionListener@536e24d9, org.springframework.security.test.context.support.ReactorContextTestExecutionListener@5aba7d6d, org.springframework.boot.test.autoconfigure.restdocs.RestDocsTestExecutionListener@7da45123, org.springframework.boot.test.autoconfigure.web.client.MockRestServiceServerResetTestExecutionListener@712c32b9, org.springframework.boot.test.autoconfigure.web.servlet.MockMvcPrintOnlyOnFailureTestExecutionListener@53c698a9, org.springframework.boot.test.autoconfigure.web.servlet.WebDriverTestExecutionListener@5a9ec6a9, org.springframework.boot.test.mock.mockito.ResetMocksTestExecutionListener@5ecb990]

  .   ____          _            __ _ _
 /\\ / ___'_ __ _ _(_)_ __  __ _ \ \ \ \
( ( )\___ | '_ | '_| | '_ \/ _` | \ \ \ \
 \\/  ___)| |_)| | | | | || (_| |  ) ) ) )
  '  |____| .__|_| |_|_| |_\__, | / / / /
 =========|_|==============|___/=/_/_/_/
 :: Spring Boot ::        (v2.1.9.RELEASE)

2024-03-13 22:20:13.582  INFO 7376 --- [    Test worker] c.h.s.web.IndexControllerTest            : Starting IndexControllerTest on gt689okjgfwww with PID 7376 (started by dfg7898 in C:\Users\dfg7898\IdeaProjects\springspringweb)
2024-03-13 22:20:13.582  INFO 7376 --- [    Test worker] c.h.s.web.IndexControllerTest            : No active profile set, falling back to default profiles: default
2024-03-13 22:20:14.019  INFO 7376 --- [    Test worker] .s.d.r.c.RepositoryConfigurationDelegate : Bootstrapping Spring Data repositories in DEFAULT mode.
2024-03-13 22:20:14.056  INFO 7376 --- [    Test worker] .s.d.r.c.RepositoryConfigurationDelegate : Finished Spring Data repository scanning in 36ms. Found 2 repository interfaces.
2024-03-13 22:20:14.186  INFO 7376 --- [    Test worker] trationDelegate$BeanPostProcessorChecker : Bean 'org.springframework.transaction.annotation.ProxyTransactionManagementConfiguration' of type [org.springframework.transaction.annotation.ProxyTransactionManagementConfiguration$$EnhancerBySpringCGLIB$$2e5359ac] is not eligible for getting processed by all BeanPostProcessors (for example: not eligible for auto-proxying)
2024-03-13 22:20:14.570  INFO 7376 --- [    Test worker] o.s.b.w.embedded.tomcat.TomcatWebServer  : Tomcat initialized with port(s): 0 (http)
2024-03-13 22:20:14.614  INFO 7376 --- [    Test worker] o.apache.catalina.core.StandardService   : Starting service [Tomcat]
2024-03-13 22:20:14.615  INFO 7376 --- [    Test worker] org.apache.catalina.core.StandardEngine  : Starting Servlet engine: [Apache Tomcat/9.0.26]
2024-03-13 22:20:14.804  INFO 7376 --- [    Test worker] o.a.c.c.C.[Tomcat].[localhost].[/]       : Initializing Spring embedded WebApplicationContext
2024-03-13 22:20:14.804  INFO 7376 --- [    Test worker] o.s.web.context.ContextLoader            : Root WebApplicationContext: initialization completed in 1216 ms
2024-03-13 22:20:15.006  INFO 7376 --- [    Test worker] com.zaxxer.hikari.HikariDataSource       : HikariPool-2 - Starting...
2024-03-13 22:20:15.007  INFO 7376 --- [    Test worker] com.zaxxer.hikari.HikariDataSource       : HikariPool-2 - Start completed.
2024-03-13 22:20:15.064  INFO 7376 --- [    Test worker] o.hibernate.jpa.internal.util.LogHelper  : HHH000204: Processing PersistenceUnitInfo [
	name: default
	...]
2024-03-13 22:20:15.077  INFO 7376 --- [    Test worker] org.hibernate.dialect.Dialect            : HHH000400: Using dialect: org.hibernate.dialect.MySQL5InnoDBDialect
Hibernate: drop table if exists posts
Hibernate: drop table if exists user
Hibernate: create table posts (id bigint not null auto_increment, created_date datetime, modified_date datetime, author varchar(255), content TEXT not null, title varchar(500) not null, primary key (id)) engine=InnoDB
Hibernate: create table user (id bigint not null auto_increment, created_date datetime, modified_date datetime, email varchar(255) not null, name varchar(255) not null, picture varchar(255), role varchar(255) not null, primary key (id)) engine=InnoDB
2024-03-13 22:20:15.153  INFO 7376 --- [    Test worker] o.h.t.schema.internal.SchemaCreatorImpl  : HHH000476: Executing import script 'org.hibernate.tool.schema.internal.exec.ScriptSourceInputNonExistentImpl@15a20799'
2024-03-13 22:20:15.153  INFO 7376 --- [    Test worker] j.LocalContainerEntityManagerFactoryBean : Initialized JPA EntityManagerFactory for persistence unit 'default'
2024-03-13 22:20:15.550  INFO 7376 --- [    Test worker] o.h.h.i.QueryTranslatorFactoryInitiator  : HHH000397: Using ASTQueryTranslatorFactory
2024-03-13 22:20:15.713  INFO 7376 --- [    Test worker] o.s.s.web.DefaultSecurityFilterChain     : Creating filter chain: any request, [org.springframework.security.web.context.request.async.WebAsyncManagerIntegrationFilter@7a1a3f22, org.springframework.security.web.context.SecurityContextPersistenceFilter@166d0853, org.springframework.security.web.header.HeaderWriterFilter@431af33, org.springframework.security.web.authentication.logout.LogoutFilter@4aca70cd, org.springframework.security.oauth2.client.web.OAuth2AuthorizationRequestRedirectFilter@297773ec, org.springframework.security.oauth2.client.web.OAuth2LoginAuthenticationFilter@528f4e80, org.springframework.security.web.authentication.ui.DefaultLoginPageGeneratingFilter@349bc99d, org.springframework.security.web.authentication.ui.DefaultLogoutPageGeneratingFilter@1b335da1, org.springframework.security.web.savedrequest.RequestCacheAwareFilter@79ae7248, org.springframework.security.web.servletapi.SecurityContextHolderAwareRequestFilter@706f0279, org.springframework.security.web.authentication.AnonymousAuthenticationFilter@949a538, org.springframework.security.web.session.SessionManagementFilter@18850c, org.springframework.security.web.access.ExceptionTranslationFilter@98cc402, org.springframework.security.web.access.intercept.FilterSecurityInterceptor@79231d75]
2024-03-13 22:20:15.904  INFO 7376 --- [    Test worker] o.s.s.concurrent.ThreadPoolTaskExecutor  : Initializing ExecutorService 'applicationTaskExecutor'
2024-03-13 22:20:15.916  WARN 7376 --- [    Test worker] aWebConfiguration$JpaWebMvcConfiguration : spring.jpa.open-in-view is enabled by default. Therefore, database queries may be performed during view rendering. Explicitly configure spring.jpa.open-in-view to disable this warning
2024-03-13 22:20:15.952  INFO 7376 --- [    Test worker] o.s.b.a.w.s.WelcomePageHandlerMapping    : Adding welcome page template: index
2024-03-13 22:20:16.239  INFO 7376 --- [    Test worker] s.a.ScheduledAnnotationBeanPostProcessor : No TaskScheduler/ScheduledExecutorService bean found for scheduled processing
2024-03-13 22:20:16.272  INFO 7376 --- [    Test worker] o.s.b.w.embedded.tomcat.TomcatWebServer  : Tomcat started on port(s): 62610 (http) with context path ''
2024-03-13 22:20:16.273  INFO 7376 --- [    Test worker] c.h.s.web.IndexControllerTest            : Started IndexControllerTest in 2.77 seconds (JVM running for 14.823)
2024-03-13 22:20:16.389  INFO 7376 --- [o-auto-1-exec-1] o.a.c.c.C.[Tomcat].[localhost].[/]       : Initializing Spring DispatcherServlet 'dispatcherServlet'
2024-03-13 22:20:16.390  INFO 7376 --- [o-auto-1-exec-1] o.s.web.servlet.DispatcherServlet        : Initializing Servlet 'dispatcherServlet'
2024-03-13 22:20:16.406  INFO 7376 --- [o-auto-1-exec-1] o.s.web.servlet.DispatcherServlet        : Completed initialization in 16 ms
Hibernate: select posts0_.id as id1_0_, posts0_.created_date as created_2_0_, posts0_.modified_date as modified3_0_, posts0_.author as author4_0_, posts0_.content as content5_0_, posts0_.title as title6_0_ from posts posts0_ order by posts0_.id DESC
]]></system-out>
  <system-err><![CDATA[]]></system-err>
</testsuite>
