<?xml version="1.0" encoding="UTF-8"?>
<testsuite name="com.hajong.springspringweb.web.IndexControllerTest" tests="1" skipped="0" failures="0" errors="0" timestamp="2024-03-24T07:51:33" hostname="gt689okjgfwww" time="0.294">
  <properties/>
  <testcase name="메인페이지_로딩" classname="com.hajong.springspringweb.web.IndexControllerTest" time="0.294"/>
  <system-out><![CDATA[2024-03-24 16:51:30.192  INFO 17488 --- [    Test worker] .b.t.c.SpringBootTestContextBootstrapper : Neither @ContextConfiguration nor @ContextHierarchy found for test class [com.hajong.springspringweb.web.IndexControllerTest], using SpringBootContextLoader
2024-03-24 16:51:30.194  INFO 17488 --- [    Test worker] o.s.t.c.support.AbstractContextLoader    : Could not detect default resource locations for test class [com.hajong.springspringweb.web.IndexControllerTest]: no resource found for suffixes {-context.xml, Context.groovy}.
2024-03-24 16:51:30.194  INFO 17488 --- [    Test worker] t.c.s.AnnotationConfigContextLoaderUtils : Could not detect default configuration classes for test class [com.hajong.springspringweb.web.IndexControllerTest]: IndexControllerTest does not declare any static, non-private, non-final, nested classes annotated with @Configuration.
2024-03-24 16:51:30.197  INFO 17488 --- [    Test worker] .b.t.c.SpringBootTestContextBootstrapper : Found @SpringBootConfiguration com.hajong.springspringweb.Application for test class com.hajong.springspringweb.web.IndexControllerTest
2024-03-24 16:51:30.198  INFO 17488 --- [    Test worker] .b.t.c.SpringBootTestContextBootstrapper : Loaded default TestExecutionListener class names from location [META-INF/spring.factories]: [org.springframework.security.test.context.support.WithSecurityContextTestExecutionListener, org.springframework.security.test.context.support.ReactorContextTestExecutionListener, org.springframework.boot.test.autoconfigure.restdocs.RestDocsTestExecutionListener, org.springframework.boot.test.autoconfigure.web.client.MockRestServiceServerResetTestExecutionListener, org.springframework.boot.test.autoconfigure.web.servlet.MockMvcPrintOnlyOnFailureTestExecutionListener, org.springframework.boot.test.autoconfigure.web.servlet.WebDriverTestExecutionListener, org.springframework.boot.test.mock.mockito.MockitoTestExecutionListener, org.springframework.boot.test.mock.mockito.ResetMocksTestExecutionListener, org.springframework.test.context.web.ServletTestExecutionListener, org.springframework.test.context.support.DirtiesContextBeforeModesTestExecutionListener, org.springframework.test.context.support.DependencyInjectionTestExecutionListener, org.springframework.test.context.support.DirtiesContextTestExecutionListener, org.springframework.test.context.transaction.TransactionalTestExecutionListener, org.springframework.test.context.jdbc.SqlScriptsTestExecutionListener]
2024-03-24 16:51:30.200  INFO 17488 --- [    Test worker] .b.t.c.SpringBootTestContextBootstrapper : Using TestExecutionListeners: [org.springframework.test.context.web.ServletTestExecutionListener@4a61bc47, org.springframework.test.context.support.DirtiesContextBeforeModesTestExecutionListener@7da5f97e, org.springframework.boot.test.mock.mockito.MockitoTestExecutionListener@286d9209, org.springframework.boot.test.autoconfigure.SpringBootDependencyInjectionTestExecutionListener@2ee01ae1, org.springframework.test.context.support.DirtiesContextTestExecutionListener@692418fe, org.springframework.test.context.transaction.TransactionalTestExecutionListener@3b9872ad, org.springframework.test.context.jdbc.SqlScriptsTestExecutionListener@7f21420d, org.springframework.security.test.context.support.WithSecurityContextTestExecutionListener@5138781a, org.springframework.security.test.context.support.ReactorContextTestExecutionListener@1892692b, org.springframework.boot.test.autoconfigure.restdocs.RestDocsTestExecutionListener@60e76d8e, org.springframework.boot.test.autoconfigure.web.client.MockRestServiceServerResetTestExecutionListener@15236ab5, org.springframework.boot.test.autoconfigure.web.servlet.MockMvcPrintOnlyOnFailureTestExecutionListener@7c938a3, org.springframework.boot.test.autoconfigure.web.servlet.WebDriverTestExecutionListener@c19d240, org.springframework.boot.test.mock.mockito.ResetMocksTestExecutionListener@57494550]

  .   ____          _            __ _ _
 /\\ / ___'_ __ _ _(_)_ __  __ _ \ \ \ \
( ( )\___ | '_ | '_| | '_ \/ _` | \ \ \ \
 \\/  ___)| |_)| | | | | || (_| |  ) ) ) )
  '  |____| .__|_| |_|_| |_\__, | / / / /
 =========|_|==============|___/=/_/_/_/
 :: Spring Boot ::        (v2.1.9.RELEASE)

2024-03-24 16:51:30.280  INFO 17488 --- [    Test worker] c.h.s.web.IndexControllerTest            : Starting IndexControllerTest on gt689okjgfwww with PID 17488 (started by dfg7898 in C:\Users\dfg7898\IdeaProjects\springspringweb)
2024-03-24 16:51:30.280  INFO 17488 --- [    Test worker] c.h.s.web.IndexControllerTest            : No active profile set, falling back to default profiles: default
2024-03-24 16:51:30.623  INFO 17488 --- [    Test worker] .s.d.r.c.RepositoryConfigurationDelegate : Bootstrapping Spring Data repositories in DEFAULT mode.
2024-03-24 16:51:30.652  INFO 17488 --- [    Test worker] .s.d.r.c.RepositoryConfigurationDelegate : Finished Spring Data repository scanning in 28ms. Found 2 repository interfaces.
2024-03-24 16:51:30.774  INFO 17488 --- [    Test worker] trationDelegate$BeanPostProcessorChecker : Bean 'org.springframework.transaction.annotation.ProxyTransactionManagementConfiguration' of type [org.springframework.transaction.annotation.ProxyTransactionManagementConfiguration$$EnhancerBySpringCGLIB$$a18c834f] is not eligible for getting processed by all BeanPostProcessors (for example: not eligible for auto-proxying)
2024-03-24 16:51:31.171  INFO 17488 --- [    Test worker] o.s.b.w.embedded.tomcat.TomcatWebServer  : Tomcat initialized with port(s): 0 (http)
2024-03-24 16:51:31.241  INFO 17488 --- [    Test worker] o.apache.catalina.core.StandardService   : Starting service [Tomcat]
2024-03-24 16:51:31.241  INFO 17488 --- [    Test worker] org.apache.catalina.core.StandardEngine  : Starting Servlet engine: [Apache Tomcat/9.0.26]
2024-03-24 16:51:31.447  INFO 17488 --- [    Test worker] o.a.c.c.C.[Tomcat].[localhost].[/]       : Initializing Spring embedded WebApplicationContext
2024-03-24 16:51:31.447  INFO 17488 --- [    Test worker] o.s.web.context.ContextLoader            : Root WebApplicationContext: initialization completed in 1162 ms
2024-03-24 16:51:31.684  INFO 17488 --- [    Test worker] com.zaxxer.hikari.HikariDataSource       : HikariPool-2 - Starting...
2024-03-24 16:51:31.686  INFO 17488 --- [    Test worker] com.zaxxer.hikari.HikariDataSource       : HikariPool-2 - Start completed.
2024-03-24 16:51:31.737  INFO 17488 --- [    Test worker] o.hibernate.jpa.internal.util.LogHelper  : HHH000204: Processing PersistenceUnitInfo [
	name: default
	...]
2024-03-24 16:51:31.751  INFO 17488 --- [    Test worker] org.hibernate.dialect.Dialect            : HHH000400: Using dialect: org.hibernate.dialect.MySQL5InnoDBDialect
Hibernate: drop table if exists posts
Hibernate: drop table if exists user
Hibernate: create table posts (id bigint not null auto_increment, created_date datetime, modified_date datetime, author varchar(255), content TEXT not null, title varchar(500) not null, primary key (id)) engine=InnoDB
Hibernate: create table user (id bigint not null auto_increment, created_date datetime, modified_date datetime, email varchar(255) not null, name varchar(255) not null, picture varchar(255), role varchar(255) not null, primary key (id)) engine=InnoDB
2024-03-24 16:51:31.816  INFO 17488 --- [    Test worker] o.h.t.schema.internal.SchemaCreatorImpl  : HHH000476: Executing import script 'org.hibernate.tool.schema.internal.exec.ScriptSourceInputNonExistentImpl@1a675477'
2024-03-24 16:51:31.817  INFO 17488 --- [    Test worker] j.LocalContainerEntityManagerFactoryBean : Initialized JPA EntityManagerFactory for persistence unit 'default'
2024-03-24 16:51:32.195  INFO 17488 --- [    Test worker] o.h.h.i.QueryTranslatorFactoryInitiator  : HHH000397: Using ASTQueryTranslatorFactory
2024-03-24 16:51:32.371  INFO 17488 --- [    Test worker] o.s.s.web.DefaultSecurityFilterChain     : Creating filter chain: any request, [org.springframework.security.web.context.request.async.WebAsyncManagerIntegrationFilter@60f6de6b, org.springframework.security.web.context.SecurityContextPersistenceFilter@37a2d67c, org.springframework.security.web.header.HeaderWriterFilter@3fd51d1f, org.springframework.security.web.authentication.logout.LogoutFilter@291d0f67, org.springframework.security.oauth2.client.web.OAuth2AuthorizationRequestRedirectFilter@6e8f33ef, org.springframework.security.oauth2.client.web.OAuth2LoginAuthenticationFilter@36fe006, org.springframework.security.web.authentication.ui.DefaultLoginPageGeneratingFilter@8ad2938, org.springframework.security.web.authentication.ui.DefaultLogoutPageGeneratingFilter@35d381de, org.springframework.security.web.savedrequest.RequestCacheAwareFilter@1f3e19ee, org.springframework.security.web.servletapi.SecurityContextHolderAwareRequestFilter@894c2f3, org.springframework.security.web.authentication.AnonymousAuthenticationFilter@2254ccc0, org.springframework.security.web.session.SessionManagementFilter@2c25939a, org.springframework.security.web.access.ExceptionTranslationFilter@6d98b58b, org.springframework.security.web.access.intercept.FilterSecurityInterceptor@32ecf398]
2024-03-24 16:51:32.606  INFO 17488 --- [    Test worker] o.s.s.concurrent.ThreadPoolTaskExecutor  : Initializing ExecutorService 'applicationTaskExecutor'
2024-03-24 16:51:32.622  WARN 17488 --- [    Test worker] aWebConfiguration$JpaWebMvcConfiguration : spring.jpa.open-in-view is enabled by default. Therefore, database queries may be performed during view rendering. Explicitly configure spring.jpa.open-in-view to disable this warning
2024-03-24 16:51:32.648  INFO 17488 --- [    Test worker] o.s.b.a.w.s.WelcomePageHandlerMapping    : Adding welcome page template: index
2024-03-24 16:51:32.976  INFO 17488 --- [    Test worker] s.a.ScheduledAnnotationBeanPostProcessor : No TaskScheduler/ScheduledExecutorService bean found for scheduled processing
2024-03-24 16:51:33.002  INFO 17488 --- [    Test worker] o.s.b.w.embedded.tomcat.TomcatWebServer  : Tomcat started on port(s): 58036 (http) with context path ''
2024-03-24 16:51:33.004  INFO 17488 --- [    Test worker] c.h.s.web.IndexControllerTest            : Started IndexControllerTest in 2.8 seconds (JVM running for 13.86)
2024-03-24 16:51:33.163  INFO 17488 --- [o-auto-1-exec-1] o.a.c.c.C.[Tomcat].[localhost].[/]       : Initializing Spring DispatcherServlet 'dispatcherServlet'
2024-03-24 16:51:33.163  INFO 17488 --- [o-auto-1-exec-1] o.s.web.servlet.DispatcherServlet        : Initializing Servlet 'dispatcherServlet'
2024-03-24 16:51:33.190  INFO 17488 --- [o-auto-1-exec-1] o.s.web.servlet.DispatcherServlet        : Completed initialization in 27 ms
Hibernate: select posts0_.id as id1_0_, posts0_.created_date as created_2_0_, posts0_.modified_date as modified3_0_, posts0_.author as author4_0_, posts0_.content as content5_0_, posts0_.title as title6_0_ from posts posts0_ order by posts0_.id DESC
]]></system-out>
  <system-err><![CDATA[]]></system-err>
</testsuite>
