<?xml version="1.0" encoding="UTF-8"?>
<testsuite name="com.hajong.springspringweb.web.PostsApiControllerTest" tests="2" skipped="0" failures="0" errors="0" timestamp="2024-02-27T13:37:03" hostname="gt689okjgfwww" time="0.24">
  <properties/>
  <testcase name="Posts_등록된다" classname="com.hajong.springspringweb.web.PostsApiControllerTest" time="0.181"/>
  <testcase name="Posts_수정된다" classname="com.hajong.springspringweb.web.PostsApiControllerTest" time="0.058"/>
  <system-out><![CDATA[2024-02-27 22:37:03.347  INFO 7016 --- [    Test worker] .b.t.c.SpringBootTestContextBootstrapper : Neither @ContextConfiguration nor @ContextHierarchy found for test class [com.hajong.springspringweb.web.PostsApiControllerTest], using SpringBootContextLoader
2024-02-27 22:37:03.349  INFO 7016 --- [    Test worker] o.s.t.c.support.AbstractContextLoader    : Could not detect default resource locations for test class [com.hajong.springspringweb.web.PostsApiControllerTest]: no resource found for suffixes {-context.xml, Context.groovy}.
2024-02-27 22:37:03.349  INFO 7016 --- [    Test worker] t.c.s.AnnotationConfigContextLoaderUtils : Could not detect default configuration classes for test class [com.hajong.springspringweb.web.PostsApiControllerTest]: PostsApiControllerTest does not declare any static, non-private, non-final, nested classes annotated with @Configuration.
2024-02-27 22:37:03.352  INFO 7016 --- [    Test worker] .b.t.c.SpringBootTestContextBootstrapper : Found @SpringBootConfiguration com.hajong.springspringweb.Application for test class com.hajong.springspringweb.web.PostsApiControllerTest
2024-02-27 22:37:03.357  INFO 7016 --- [    Test worker] .b.t.c.SpringBootTestContextBootstrapper : Loaded default TestExecutionListener class names from location [META-INF/spring.factories]: [org.springframework.security.test.context.support.WithSecurityContextTestExecutionListener, org.springframework.security.test.context.support.ReactorContextTestExecutionListener, org.springframework.boot.test.autoconfigure.restdocs.RestDocsTestExecutionListener, org.springframework.boot.test.autoconfigure.web.client.MockRestServiceServerResetTestExecutionListener, org.springframework.boot.test.autoconfigure.web.servlet.MockMvcPrintOnlyOnFailureTestExecutionListener, org.springframework.boot.test.autoconfigure.web.servlet.WebDriverTestExecutionListener, org.springframework.boot.test.mock.mockito.MockitoTestExecutionListener, org.springframework.boot.test.mock.mockito.ResetMocksTestExecutionListener, org.springframework.test.context.web.ServletTestExecutionListener, org.springframework.test.context.support.DirtiesContextBeforeModesTestExecutionListener, org.springframework.test.context.support.DependencyInjectionTestExecutionListener, org.springframework.test.context.support.DirtiesContextTestExecutionListener, org.springframework.test.context.transaction.TransactionalTestExecutionListener, org.springframework.test.context.jdbc.SqlScriptsTestExecutionListener]
2024-02-27 22:37:03.361  INFO 7016 --- [    Test worker] .b.t.c.SpringBootTestContextBootstrapper : Using TestExecutionListeners: [org.springframework.test.context.web.ServletTestExecutionListener@20542374, org.springframework.test.context.support.DirtiesContextBeforeModesTestExecutionListener@22a949e8, org.springframework.boot.test.mock.mockito.MockitoTestExecutionListener@2fa9b2ee, org.springframework.boot.test.autoconfigure.SpringBootDependencyInjectionTestExecutionListener@78e42421, org.springframework.test.context.support.DirtiesContextTestExecutionListener@79aae7ca, org.springframework.test.context.transaction.TransactionalTestExecutionListener@1124071e, org.springframework.test.context.jdbc.SqlScriptsTestExecutionListener@7378f916, org.springframework.security.test.context.support.WithSecurityContextTestExecutionListener@2ae41e74, org.springframework.security.test.context.support.ReactorContextTestExecutionListener@45e3855, org.springframework.boot.test.autoconfigure.restdocs.RestDocsTestExecutionListener@3573d337, org.springframework.boot.test.autoconfigure.web.client.MockRestServiceServerResetTestExecutionListener@1772cc6, org.springframework.boot.test.autoconfigure.web.servlet.MockMvcPrintOnlyOnFailureTestExecutionListener@b6a9522, org.springframework.boot.test.autoconfigure.web.servlet.WebDriverTestExecutionListener@7e03888a, org.springframework.boot.test.mock.mockito.ResetMocksTestExecutionListener@55420616]
2024-02-27 22:37:03.385  INFO 7016 --- [    Test worker] o.a.c.c.C.[Tomcat].[localhost].[/]       : Initializing Spring TestDispatcherServlet ''
2024-02-27 22:37:03.385  INFO 7016 --- [    Test worker] o.s.t.web.servlet.TestDispatcherServlet  : Initializing Servlet ''
2024-02-27 22:37:03.392  INFO 7016 --- [    Test worker] o.s.t.web.servlet.TestDispatcherServlet  : Completed initialization in 7 ms
Hibernate: insert into posts (created_date, modified_date, author, content, title) values (?, ?, ?, ?, ?)
Hibernate: select posts0_.id as id1_0_, posts0_.created_date as created_2_0_, posts0_.modified_date as modified3_0_, posts0_.author as author4_0_, posts0_.content as content5_0_, posts0_.title as title6_0_ from posts posts0_
Hibernate: select posts0_.id as id1_0_, posts0_.created_date as created_2_0_, posts0_.modified_date as modified3_0_, posts0_.author as author4_0_, posts0_.content as content5_0_, posts0_.title as title6_0_ from posts posts0_
Hibernate: delete from posts where id=?
2024-02-27 22:37:03.555  INFO 7016 --- [    Test worker] o.a.c.c.C.[Tomcat].[localhost].[/]       : Initializing Spring TestDispatcherServlet ''
2024-02-27 22:37:03.556  INFO 7016 --- [    Test worker] o.s.t.web.servlet.TestDispatcherServlet  : Initializing Servlet ''
2024-02-27 22:37:03.560  INFO 7016 --- [    Test worker] o.s.t.web.servlet.TestDispatcherServlet  : Completed initialization in 4 ms
Hibernate: insert into posts (created_date, modified_date, author, content, title) values (?, ?, ?, ?, ?)
Hibernate: select posts0_.id as id1_0_0_, posts0_.created_date as created_2_0_0_, posts0_.modified_date as modified3_0_0_, posts0_.author as author4_0_0_, posts0_.content as content5_0_0_, posts0_.title as title6_0_0_ from posts posts0_ where posts0_.id=?
Hibernate: update posts set created_date=?, modified_date=?, author=?, content=?, title=? where id=?
Hibernate: select posts0_.id as id1_0_, posts0_.created_date as created_2_0_, posts0_.modified_date as modified3_0_, posts0_.author as author4_0_, posts0_.content as content5_0_, posts0_.title as title6_0_ from posts posts0_
Hibernate: select posts0_.id as id1_0_, posts0_.created_date as created_2_0_, posts0_.modified_date as modified3_0_, posts0_.author as author4_0_, posts0_.content as content5_0_, posts0_.title as title6_0_ from posts posts0_
Hibernate: delete from posts where id=?
]]></system-out>
  <system-err><![CDATA[]]></system-err>
</testsuite>
