<?xml version="1.0" encoding="UTF-8"?>
<testsuite name="com.hajong.springspringweb.web.HelloControllerTest" tests="2" skipped="0" failures="0" errors="0" timestamp="2024-03-13T13:20:13" hostname="gt689okjgfwww" time="0.262">
  <properties/>
  <testcase name="hello가_리턴된다" classname="com.hajong.springspringweb.web.HelloControllerTest" time="0.121"/>
  <testcase name="helloDto가_리턴된다" classname="com.hajong.springspringweb.web.HelloControllerTest" time="0.14"/>
  <system-out><![CDATA[2024-03-13 22:20:11.892  INFO 7376 --- [    Test worker] .b.t.a.w.s.WebMvcTestContextBootstrapper : Neither @ContextConfiguration nor @ContextHierarchy found for test class [com.hajong.springspringweb.web.HelloControllerTest], using SpringBootContextLoader
2024-03-13 22:20:11.899  INFO 7376 --- [    Test worker] o.s.t.c.support.AbstractContextLoader    : Could not detect default resource locations for test class [com.hajong.springspringweb.web.HelloControllerTest]: no resource found for suffixes {-context.xml, Context.groovy}.
2024-03-13 22:20:11.900  INFO 7376 --- [    Test worker] t.c.s.AnnotationConfigContextLoaderUtils : Could not detect default configuration classes for test class [com.hajong.springspringweb.web.HelloControllerTest]: HelloControllerTest does not declare any static, non-private, non-final, nested classes annotated with @Configuration.
2024-03-13 22:20:11.932  INFO 7376 --- [    Test worker] .b.t.c.SpringBootTestContextBootstrapper : Found @SpringBootConfiguration com.hajong.springspringweb.Application for test class com.hajong.springspringweb.web.HelloControllerTest
2024-03-13 22:20:11.933  INFO 7376 --- [    Test worker] .b.t.a.w.s.WebMvcTestContextBootstrapper : Loaded default TestExecutionListener class names from location [META-INF/spring.factories]: [org.springframework.security.test.context.support.WithSecurityContextTestExecutionListener, org.springframework.security.test.context.support.ReactorContextTestExecutionListener, org.springframework.boot.test.autoconfigure.restdocs.RestDocsTestExecutionListener, org.springframework.boot.test.autoconfigure.web.client.MockRestServiceServerResetTestExecutionListener, org.springframework.boot.test.autoconfigure.web.servlet.MockMvcPrintOnlyOnFailureTestExecutionListener, org.springframework.boot.test.autoconfigure.web.servlet.WebDriverTestExecutionListener, org.springframework.boot.test.mock.mockito.MockitoTestExecutionListener, org.springframework.boot.test.mock.mockito.ResetMocksTestExecutionListener, org.springframework.test.context.web.ServletTestExecutionListener, org.springframework.test.context.support.DirtiesContextBeforeModesTestExecutionListener, org.springframework.test.context.support.DependencyInjectionTestExecutionListener, org.springframework.test.context.support.DirtiesContextTestExecutionListener, org.springframework.test.context.transaction.TransactionalTestExecutionListener, org.springframework.test.context.jdbc.SqlScriptsTestExecutionListener]
2024-03-13 22:20:11.937  INFO 7376 --- [    Test worker] .b.t.a.w.s.WebMvcTestContextBootstrapper : Using TestExecutionListeners: [org.springframework.test.context.web.ServletTestExecutionListener@5f14878e, org.springframework.test.context.support.DirtiesContextBeforeModesTestExecutionListener@34b54c05, org.springframework.boot.test.mock.mockito.MockitoTestExecutionListener@7c33f765, org.springframework.boot.test.autoconfigure.SpringBootDependencyInjectionTestExecutionListener@4d5f828e, org.springframework.test.context.support.DirtiesContextTestExecutionListener@368c545c, org.springframework.test.context.transaction.TransactionalTestExecutionListener@28c7f3ec, org.springframework.test.context.jdbc.SqlScriptsTestExecutionListener@4b2ca14e, org.springframework.security.test.context.support.WithSecurityContextTestExecutionListener@7ad61157, org.springframework.security.test.context.support.ReactorContextTestExecutionListener@2e2c94e5, org.springframework.boot.test.autoconfigure.restdocs.RestDocsTestExecutionListener@39635a5f, org.springframework.boot.test.autoconfigure.web.client.MockRestServiceServerResetTestExecutionListener@176baaec, org.springframework.boot.test.autoconfigure.web.servlet.MockMvcPrintOnlyOnFailureTestExecutionListener@5d7d5dff, org.springframework.boot.test.autoconfigure.web.servlet.WebDriverTestExecutionListener@17bc6109, org.springframework.boot.test.mock.mockito.ResetMocksTestExecutionListener@342e7003]

  .   ____          _            __ _ _
 /\\ / ___'_ __ _ _(_)_ __  __ _ \ \ \ \
( ( )\___ | '_ | '_| | '_ \/ _` | \ \ \ \
 \\/  ___)| |_)| | | | | || (_| |  ) ) ) )
  '  |____| .__|_| |_|_| |_\__, | / / / /
 =========|_|==============|___/=/_/_/_/
 :: Spring Boot ::        (v2.1.9.RELEASE)

2024-03-13 22:20:12.021  INFO 7376 --- [    Test worker] c.h.s.web.HelloControllerTest            : Starting HelloControllerTest on gt689okjgfwww with PID 7376 (started by dfg7898 in C:\Users\dfg7898\IdeaProjects\springspringweb)
2024-03-13 22:20:12.024  INFO 7376 --- [    Test worker] c.h.s.web.HelloControllerTest            : No active profile set, falling back to default profiles: default
2024-03-13 22:20:12.567  INFO 7376 --- [    Test worker] o.s.s.concurrent.ThreadPoolTaskExecutor  : Initializing ExecutorService 'applicationTaskExecutor'
2024-03-13 22:20:12.615  INFO 7376 --- [    Test worker] o.s.b.a.w.s.WelcomePageHandlerMapping    : Adding welcome page template: index
2024-03-13 22:20:12.865  INFO 7376 --- [    Test worker] .s.s.UserDetailsServiceAutoConfiguration : 

Using generated security password: a28c8203-fec4-4801-8043-ae93a0c76bf5

2024-03-13 22:20:13.079  INFO 7376 --- [    Test worker] o.s.s.web.DefaultSecurityFilterChain     : Creating filter chain: any request, [org.springframework.security.web.context.request.async.WebAsyncManagerIntegrationFilter@4625751b, org.springframework.security.web.context.SecurityContextPersistenceFilter@25f5f3b3, org.springframework.security.web.header.HeaderWriterFilter@1713ba0a, org.springframework.security.web.csrf.CsrfFilter@5b0944c0, org.springframework.security.web.authentication.logout.LogoutFilter@2624187, org.springframework.security.web.authentication.UsernamePasswordAuthenticationFilter@68fb89f5, org.springframework.security.web.authentication.ui.DefaultLoginPageGeneratingFilter@4bec3e8b, org.springframework.security.web.authentication.ui.DefaultLogoutPageGeneratingFilter@6e364c3e, org.springframework.security.web.authentication.www.BasicAuthenticationFilter@5a285a7a, org.springframework.security.web.savedrequest.RequestCacheAwareFilter@29fb83fd, org.springframework.security.web.servletapi.SecurityContextHolderAwareRequestFilter@2332af22, org.springframework.security.web.authentication.AnonymousAuthenticationFilter@76d52008, org.springframework.security.web.session.SessionManagementFilter@62dc36c, org.springframework.security.web.access.ExceptionTranslationFilter@1e325616, org.springframework.security.web.access.intercept.FilterSecurityInterceptor@41fb27f3]
2024-03-13 22:20:13.137  INFO 7376 --- [    Test worker] o.s.b.t.m.w.SpringBootMockServletContext : Initializing Spring TestDispatcherServlet ''
2024-03-13 22:20:13.137  INFO 7376 --- [    Test worker] o.s.t.web.servlet.TestDispatcherServlet  : Initializing Servlet ''
2024-03-13 22:20:13.159  INFO 7376 --- [    Test worker] o.s.t.web.servlet.TestDispatcherServlet  : Completed initialization in 22 ms
2024-03-13 22:20:13.215  INFO 7376 --- [    Test worker] c.h.s.web.HelloControllerTest            : Started HelloControllerTest in 1.275 seconds (JVM running for 11.765)
]]></system-out>
  <system-err><![CDATA[]]></system-err>
</testsuite>
